
> kings@0.1.0 start /home/oursbrindille/projects/points-interets-parisiens/frontend
> react-scripts start


> kings@0.1.0 start /home/oursbrindille/projects/points-interets-parisiens/frontend
> react-scripts start

[34mℹ[39m [90m｢wds｣[39m: Project is running at http://0.0.0.0:3000/
[34mℹ[39m [90m｢wds｣[39m: webpack output is served from /
[34mℹ[39m [90m｢wds｣[39m: Content not from webpack is served from /home/oursbrindille/projects/points-interets-parisiens/frontend/public
[34mℹ[39m [90m｢wds｣[39m: 404s will fallback to /index.html
Starting the development server...

Browserslist: caniuse-lite is outdated. Please run the following command: `yarn upgrade`
Compiled with warnings.

./src/components/parisPage.jsx
  Line 14:7:    'Range' is assigned a value but never used                                                                 no-unused-vars
  Line 165:57:  img elements must have an alt prop, either with meaningful text, or an empty string for decorative images  jsx-a11y/alt-text

./src/components/mobilePageIndex.jsx
  Line 2:8:     'ReactDOM' is defined but never used                                                                       no-unused-vars
  Line 5:10:    'Tab' is defined but never used                                                                            no-unused-vars
  Line 5:15:    'Tabs' is defined but never used                                                                           no-unused-vars
  Line 5:21:    'TabList' is defined but never used                                                                        no-unused-vars
  Line 5:30:    'TabPanel' is defined but never used                                                                       no-unused-vars
  Line 77:28:   Expected '===' and instead saw '=='                                                                        eqeqeq
  Line 93:34:   Expected '===' and instead saw '=='                                                                        eqeqeq
  Line 216:39:  Expected '===' and instead saw '=='                                                                        eqeqeq
  Line 225:39:  Expected '===' and instead saw '=='                                                                        eqeqeq
  Line 233:33:  Expected '===' and instead saw '=='                                                                        eqeqeq
  Line 257:15:  Expected '!==' and instead saw '!='                                                                        eqeqeq
  Line 287:35:  Expected '===' and instead saw '=='                                                                        eqeqeq
  Line 290:35:  Expected '===' and instead saw '=='                                                                        eqeqeq
  Line 307:41:  Expected '===' and instead saw '=='                                                                        eqeqeq
  Line 307:96:  Expected '===' and instead saw '=='                                                                        eqeqeq
  Line 312:28:  Expected '===' and instead saw '=='                                                                        eqeqeq
  Line 327:41:  Expected '===' and instead saw '=='                                                                        eqeqeq
  Line 327:96:  Expected '===' and instead saw '=='                                                                        eqeqeq
  Line 332:28:  Expected '===' and instead saw '=='                                                                        eqeqeq
  Line 347:35:  Expected '===' and instead saw '=='                                                                        eqeqeq
  Line 347:90:  Expected '===' and instead saw '=='                                                                        eqeqeq
  Line 352:27:  Expected '===' and instead saw '=='                                                                        eqeqeq
  Line 392:47:  img elements must have an alt prop, either with meaningful text, or an empty string for decorative images  jsx-a11y/alt-text
  Line 400:19:  img elements must have an alt prop, either with meaningful text, or an empty string for decorative images  jsx-a11y/alt-text
  Line 409:19:  img elements must have an alt prop, either with meaningful text, or an empty string for decorative images  jsx-a11y/alt-text
  Line 414:19:  img elements must have an alt prop, either with meaningful text, or an empty string for decorative images  jsx-a11y/alt-text
  Line 419:19:  img elements must have an alt prop, either with meaningful text, or an empty string for decorative images  jsx-a11y/alt-text
  Line 424:19:  img elements must have an alt prop, either with meaningful text, or an empty string for decorative images  jsx-a11y/alt-text
  Line 429:19:  img elements must have an alt prop, either with meaningful text, or an empty string for decorative images  jsx-a11y/alt-text
  Line 434:19:  img elements must have an alt prop, either with meaningful text, or an empty string for decorative images  jsx-a11y/alt-text
  Line 439:19:  img elements must have an alt prop, either with meaningful text, or an empty string for decorative images  jsx-a11y/alt-text
  Line 447:19:  img elements must have an alt prop, either with meaningful text, or an empty string for decorative images  jsx-a11y/alt-text
  Line 452:23:  img elements must have an alt prop, either with meaningful text, or an empty string for decorative images  jsx-a11y/alt-text
  Line 459:19:  img elements must have an alt prop, either with meaningful text, or an empty string for decorative images  jsx-a11y/alt-text
  Line 464:23:  img elements must have an alt prop, either with meaningful text, or an empty string for decorative images  jsx-a11y/alt-text
  Line 480:19:  img elements must have an alt prop, either with meaningful text, or an empty string for decorative images  jsx-a11y/alt-text

./src/App.js
  Line 2:8:  'logo' is defined but never used  no-unused-vars

./src/components/quizzPage.jsx
  Line 7:8:     'Popup' is defined but never used                                                                          no-unused-vars
  Line 16:7:    'Range' is assigned a value but never used                                                                 no-unused-vars
  Line 20:7:    'handle' is assigned a value but never used                                                                no-unused-vars
  Line 35:7:    'wrapperStyle' is assigned a value but never used                                                          no-unused-vars
  Line 58:11:   Duplicate key 'king'                                                                                       no-dupe-keys
  Line 125:54:  Expected '===' and instead saw '=='                                                                        eqeqeq
  Line 132:24:  'i' is already defined                                                                                     no-redeclare
  Line 170:13:  Expected '===' and instead saw '=='                                                                        eqeqeq
  Line 200:25:  img elements must have an alt prop, either with meaningful text, or an empty string for decorative images  jsx-a11y/alt-text
  Line 215:21:  img elements must have an alt prop, either with meaningful text, or an empty string for decorative images  jsx-a11y/alt-text

Search for the keywords to learn more about each warning.
To ignore, add // eslint-disable-next-line to the line before.

